Library/Bee/Android/Prj/IL2CPP/Gradle/launcher/build/intermediates/manifest_merge_blame_file/release/manifest-merger-blame-release-report.txt
1<?xml version="1.0" encoding="utf-8"?>
2<manifest xmlns:android="http://schemas.android.com/apk/res/android"
3    package="com.unity.template.mr"
4    android:installLocation="preferExternal"
5    android:versionCode="1"
6    android:versionName="1.0.0" >
7
8    <uses-sdk
9        android:minSdkVersion="29"
9-->src/main/AndroidManifest.xml
10        android:targetSdkVersion="32" />
10-->src/main/AndroidManifest.xml
11
12    <supports-screens
12-->src/main/AndroidManifest.xml:4:3-163
13        android:anyDensity="true"
13-->src/main/AndroidManifest.xml:4:135-160
14        android:largeScreens="true"
14-->src/main/AndroidManifest.xml:4:78-105
15        android:normalScreens="true"
15-->src/main/AndroidManifest.xml:4:49-77
16        android:smallScreens="true"
16-->src/main/AndroidManifest.xml:4:21-48
17        android:xlargeScreens="true" />
17-->src/main/AndroidManifest.xml:4:106-134
18
19    <uses-feature android:glEsVersion="0x00030000" />
19-->[:unityLibrary] AndroidManifest.xml:10:5-54
19-->[:unityLibrary] AndroidManifest.xml:10:19-51
20    <uses-feature
20-->[:unityLibrary] AndroidManifest.xml:11:5-13:36
21        android:name="android.hardware.vulkan.version"
21-->[:unityLibrary] AndroidManifest.xml:12:9-55
22        android:required="false" />
22-->[:unityLibrary] AndroidManifest.xml:13:9-33
23    <uses-feature
23-->[:unityLibrary] AndroidManifest.xml:14:5-16:36
24        android:name="android.hardware.touchscreen"
24-->[:unityLibrary] AndroidManifest.xml:15:9-52
25        android:required="false" />
25-->[:unityLibrary] AndroidManifest.xml:16:9-33
26    <uses-feature
26-->[:unityLibrary] AndroidManifest.xml:17:5-19:36
27        android:name="android.hardware.touchscreen.multitouch"
27-->[:unityLibrary] AndroidManifest.xml:18:9-63
28        android:required="false" />
28-->[:unityLibrary] AndroidManifest.xml:19:9-33
29    <uses-feature
29-->[:unityLibrary] AndroidManifest.xml:20:5-22:36
30        android:name="android.hardware.touchscreen.multitouch.distinct"
30-->[:unityLibrary] AndroidManifest.xml:21:9-72
31        android:required="false" />
31-->[:unityLibrary] AndroidManifest.xml:22:9-33
32    <uses-feature
32-->[:unityLibrary] AndroidManifest.xml:23:5-25:35
33        android:name="com.oculus.feature.PASSTHROUGH"
33-->[:unityLibrary] AndroidManifest.xml:24:9-54
34        android:required="true" />
34-->[:unityLibrary] AndroidManifest.xml:25:9-32
35
36    <uses-permission android:name="com.oculus.permission.USE_ANCHOR_API" />
36-->[:unityLibrary] AndroidManifest.xml:27:5-76
36-->[:unityLibrary] AndroidManifest.xml:27:22-73
37    <uses-permission android:name="com.oculus.permission.USE_SCENE" />
37-->[:unityLibrary] AndroidManifest.xml:28:5-71
37-->[:unityLibrary] AndroidManifest.xml:28:22-68
38    <uses-permission android:name="com.oculus.permission.HAND_TRACKING" />
38-->[:unityLibrary] AndroidManifest.xml:29:5-75
38-->[:unityLibrary] AndroidManifest.xml:29:22-72
39
40    <uses-feature
40-->[:unityLibrary] AndroidManifest.xml:31:5-33:36
41        android:name="oculus.software.handtracking"
41-->[:unityLibrary] AndroidManifest.xml:32:9-52
42        android:required="false" />
42-->[:unityLibrary] AndroidManifest.xml:33:9-33
43    <uses-feature
43-->[:unityLibrary:xrmanifest.androidlib] AndroidManifest.xml:9:5-12:31
44        android:name="android.hardware.vr.headtracking"
44-->[:unityLibrary:xrmanifest.androidlib] AndroidManifest.xml:10:9-56
45        android:required="true"
45-->[:unityLibrary:xrmanifest.androidlib] AndroidManifest.xml:11:9-32
46        android:version="1" />
46-->[:unityLibrary:xrmanifest.androidlib] AndroidManifest.xml:12:9-28
47
48    <application
48-->src/main/AndroidManifest.xml:3:3-83
49        android:extractNativeLibs="true"
49-->[:unityLibrary] AndroidManifest.xml:35:18-50
50        android:icon="@mipmap/app_icon"
50-->src/main/AndroidManifest.xml:3:49-80
51        android:label="@string/app_name" >
51-->src/main/AndroidManifest.xml:3:16-48
52        <meta-data
52-->[:unityLibrary] AndroidManifest.xml:36:9-38:33
53            android:name="unity.splash-mode"
53-->[:unityLibrary] AndroidManifest.xml:37:13-45
54            android:value="0" />
54-->[:unityLibrary] AndroidManifest.xml:38:13-30
55        <meta-data
55-->[:unityLibrary] AndroidManifest.xml:39:9-41:36
56            android:name="unity.splash-enable"
56-->[:unityLibrary] AndroidManifest.xml:40:13-47
57            android:value="True" />
57-->[:unityLibrary] AndroidManifest.xml:41:13-33
58        <meta-data
58-->[:unityLibrary] AndroidManifest.xml:42:9-44:36
59            android:name="unity.launch-fullscreen"
59-->[:unityLibrary] AndroidManifest.xml:43:13-51
60            android:value="True" />
60-->[:unityLibrary] AndroidManifest.xml:44:13-33
61        <meta-data
61-->[:unityLibrary] AndroidManifest.xml:45:9-47:50
62            android:name="notch.config"
62-->[:unityLibrary] AndroidManifest.xml:46:13-40
63            android:value="portrait|landscape" />
63-->[:unityLibrary] AndroidManifest.xml:47:13-47
64        <meta-data
64-->[:unityLibrary] AndroidManifest.xml:48:9-50:36
65            android:name="unity.auto-report-fully-drawn"
65-->[:unityLibrary] AndroidManifest.xml:49:13-57
66            android:value="true" />
66-->[:unityLibrary] AndroidManifest.xml:50:13-33
67
68        <activity
68-->[:unityLibrary] AndroidManifest.xml:52:9-75:20
69            android:name="com.unity3d.player.UnityPlayerActivity"
69-->[:unityLibrary] AndroidManifest.xml:53:13-66
70            android:configChanges="mcc|mnc|locale|touchscreen|keyboard|keyboardHidden|navigation|orientation|screenLayout|uiMode|screenSize|smallestScreenSize|fontScale|layoutDirection|density"
70-->[:unityLibrary] AndroidManifest.xml:54:13-194
71            android:exported="true"
71-->[:unityLibrary] AndroidManifest.xml:55:13-36
72            android:hardwareAccelerated="false"
72-->[:unityLibrary] AndroidManifest.xml:56:13-48
73            android:launchMode="singleTask"
73-->[:unityLibrary] AndroidManifest.xml:57:13-44
74            android:resizeableActivity="false"
74-->[:unityLibrary] AndroidManifest.xml:58:13-47
75            android:screenOrientation="fullUser"
75-->[:unityLibrary] AndroidManifest.xml:59:13-49
76            android:theme="@style/UnityThemeSelector" >
76-->[:unityLibrary] AndroidManifest.xml:60:13-54
77            <intent-filter>
77-->[:unityLibrary] AndroidManifest.xml:61:13-67:29
78                <category android:name="android.intent.category.LAUNCHER" />
78-->[:unityLibrary] AndroidManifest.xml:62:17-77
78-->[:unityLibrary] AndroidManifest.xml:62:27-74
79
80                <action android:name="android.intent.action.MAIN" />
80-->[:unityLibrary] AndroidManifest.xml:64:17-69
80-->[:unityLibrary] AndroidManifest.xml:64:25-66
81
82                <category android:name="com.oculus.intent.category.VR" />
82-->[:unityLibrary] AndroidManifest.xml:66:17-74
82-->[:unityLibrary] AndroidManifest.xml:66:27-71
83            </intent-filter>
84
85            <meta-data
85-->[:unityLibrary] AndroidManifest.xml:69:13-71:40
86                android:name="unityplayer.UnityActivity"
86-->[:unityLibrary] AndroidManifest.xml:70:17-57
87                android:value="true" />
87-->[:unityLibrary] AndroidManifest.xml:71:17-37
88            <meta-data
88-->[:unityLibrary] AndroidManifest.xml:72:13-74:40
89                android:name="notch_support"
89-->[:unityLibrary] AndroidManifest.xml:73:17-45
90                android:value="true" />
90-->[:unityLibrary] AndroidManifest.xml:74:17-37
91            <meta-data
91-->[:unityLibrary:xrmanifest.androidlib] AndroidManifest.xml:16:13-18:40
92                android:name="com.oculus.vr.focusaware"
92-->[:unityLibrary:xrmanifest.androidlib] AndroidManifest.xml:17:17-56
93                android:value="true" />
93-->[:unityLibrary:xrmanifest.androidlib] AndroidManifest.xml:18:17-37
94        </activity>
95
96        <meta-data
96-->[:unityLibrary:xrmanifest.androidlib] AndroidManifest.xml:21:9-23:52
97            android:name="com.oculus.supportedDevices"
97-->[:unityLibrary:xrmanifest.androidlib] AndroidManifest.xml:22:13-55
98            android:value="quest|quest2|cambria" />
98-->[:unityLibrary:xrmanifest.androidlib] AndroidManifest.xml:23:13-49
99    </application>
100
101</manifest>